
Deleted - Post ID 5569 - cartflows_flow - Store Checkout
Deleted - Post ID 5570 - cartflows_step - Store Checkout 04
Deleted - Post ID 5571 - cartflows_step - Store Checkout Thank You 04
Deleted - Post ID 5579 - attachment - digial-download-store-site-logo.svg
Imported - Site Options {"woocommerce_product_attributes":[],"woocommerce_product_cat_list":{"28":{"term_id":28,"name":"Uncategorized","slug":"uncategorized","description":""},"33":{"term_id":33,"name":"Body lotion","slug":"body-lotion","description":""},"34":{"term_id":34,"name":"Bundles","slug":"bundles","description":""},"30":{"term_id":30,"name":"Cleanser","slug":"cleanser","description":""},"32":{"term_id":32,"name":"Moisturizer","slug":"moisturizer","description":""},"31":{"term_id":31,"name":"Sunscreens","slug":"sunscreens","description":""}},"woocommerce_product_cat":[{"slug":"uncategorized","thumbnail_id":"","thumbnail_src":""},{"slug":"body-lotion","thumbnail_id":"0","thumbnail_src":""},{"slug":"bundles","thumbnail_id":"","thumbnail_src":""},{"slug":"cleanser","thumbnail_id":"0","thumbnail_src":""},{"slug":"moisturizer","thumbnail_id":"0","thumbnail_src":""},{"slug":"sunscreens","thumbnail_id":"0","thumbnail_src":""}],"custom_logo":"https:\/\/websitedemos.net\/skin-cleanser-store-02\/wp-content\/uploads\/sites\/933\/2021\/08\/site-logo-dark.svg","nav_menu_locations":{"primary":"primary","mobile_menu":"primary","footer_menu":"primary"},"show_on_front":"page","page_on_front":"Home","page_for_posts":"","_fl_builder_enabled_icons":null,"_fl_builder_enabled_modules":null,"_fl_builder_post_types":null,"_fl_builder_color_presets":null,"_fl_builder_services":null,"_fl_builder_settings":null,"_fl_builder_user_access":null,"_fl_builder_enabled_templates":null,"elementor_container_width":null,"elementor_cpt_support":["post","page"],"elementor_css_print_method":"external","elementor_default_generic_fonts":null,"elementor_disable_color_schemes":"yes","elementor_disable_typography_schemes":"yes","elementor_editor_break_lines":"","elementor_exclude_user_roles":null,"elementor_global_image_lightbox":null,"elementor_page_title_selector":null,"elementor_scheme_color":{"1":"#6ec1e4","2":"#54595f","3":"#7a7a7a","4":"#61ce70"},"elementor_scheme_color-picker]":{"1":"#6ec1e4","2":"#54595f","3":"#7a7a7a","4":"#61ce70","5":"#4054b2","6":"#23a455","7":"#000","8":"#fff"},"elementor_scheme_typography":{"1":{"font_family":"Roboto","font_weight":"600"},"2":{"font_family":"Roboto Slab","font_weight":"400"},"3":{"font_family":"Roboto","font_weight":"400"},"4":{"font_family":"Roboto","font_weight":"500"}},"elementor_space_between_widgets":null,"elementor_stretched_section_container":null,"elementor_load_fa4_shim":"","elementor_active_kit":"5","elementor_experiment-container":"active","woocommerce_shop_page_title":"Shop","woocommerce_cart_page_title":"Cart","woocommerce_checkout_page_title":"Checkout","woocommerce_myaccount_page_title":"My account","woocommerce_edit_address_page_title":"","woocommerce_view_order_page_title":"","woocommerce_change_password_page_title":"","woocommerce_logout_page_title":"","woocommerce_enable_guest_checkout":"yes","woocommerce_enable_checkout_login_reminder":"no","woocommerce_enable_signup_and_login_from_checkout":"no","woocommerce_enable_myaccount_registration":"no","woocommerce_registration_generate_username":"yes","edd_settings":null,"wpforms_settings":{"disable-css":"2","global-assets":false,"gdpr":false,"modern-markup":"0","modern-markup-is-set":true},"learndash_settings_theme_ld30":null,"learndash_settings_courses_themes":null,"astra-color-palettes":{"currentPalette":"palette_1","palettes":{"palette_1":["#fb4b7a","#fa2d64","#000000","#646467","#f8f8ff","#ffffff","rgba(102,102,255,0.16)","#000000","#b0b0b0"],"palette_2":["#0274be","#025891","#3a3a3a","#4B4F58","#ffffff","#FFFFFF","#e5e5e5","#062941","#c3c3c3"],"palette_3":["#0274be","#025891","#3a3a3a","#4B4F58","#f5f5f5","#ffffff","#e5e5e5","#062941","#c3c3c3"]},"flag":false,"presets":{"preset_1":["#0067FF","#005EE9","#0F172A","#364151","#E7F6FF","#FFFFFF","#D1DAE5","#070614","#222222"],"preset_2":["#6528F7","#5511F8","#0F172A","#454F5E","#F2F0FE","#FFFFFF","#D8D8F5","#0D0614","#222222"],"preset_3":["#DD183B","#CC1939","#0F172A","#3A3A3A","#FFEDE6","#FFFFFF","#FFD1BF","#140609","#222222"],"preset_4":["#54B435","#379237","#0F172A","#2F3B40","#EDFBE2","#FFFFFF","#D5EAD8","#0C1406","#222222"],"preset_5":["#DCA54A","#D09A40","#0F172A","#4A4A4A","#FAF5E5","#FFFFFF","#F0E6C5","#141004","#222222"],"preset_6":["#FB5FAB","#EA559D","#0F172A","#454F5E","#FCEEF5","#FFFFFF","#FAD8E9","#140610","#222222"],"preset_7":["#1B9C85","#178E79","#0F172A","#454F5E","#EDF6EE","#FFFFFF","#D4F3D7","#06140C","#222222"],"preset_8":["#FD9800","#E98C00","#0F172A","#454F5E","#FEF9E1","#FFFFFF","#F9F0C8","#141006","#222222"],"preset_9":["#FF6210","#F15808","#1C0D0A","#353535","#FEF1E4","#FFFFFF","#E5D7D1","#140B06","#222222"],"preset_10":["#737880","#65696F","#151616","#393C40","#F6F6F6","#FFFFFF","#F1F0F0","#232529","#222222"]}},"astra-typography-presets":""}
Source - https://websitedemos.net/skin-cleanser-store-02/wp-content/uploads/sites/933/2021/08/site-logo-dark.svg
BATCH - SKIP Image {already imported from xml} - https://websitedemos.net/skin-cleanser-store-02/wp-content/uploads/sites/933/2021/08/site-logo-dark.svg
Log - {"url":"https:\/\/websitedemos.net\/skin-cleanser-store-02\/wp-content\/uploads\/sites\/933\/2021\/08\/site-logo-dark.svg","id":0}
Inserted - Post 5585 - attachment - site-logo-dark.svg
BATCH - SUCCESS Image {Imported} - http://maniattaax.ru/wp-content/uploads/2024/03/site-logo-dark.svg
Inserted - Post 5585 - attachment - site-logo-dark.svg
Deleted customizer Settings {"theme-auto-version":"4.6.7","is_theme_queue_running":false,"global-color-palette":{"palette":["#0084d6","#0075be","#000000","#333333","#f5f7f9","#ffffff","#243673","#000000","#BFD1FF"]},"font-size-body":{"desktop":16,"tablet":15,"mobile":14,"desktop-unit":"px","tablet-unit":"px","mobile-unit":"px"},"body-font-family":"'Inter', sans-serif","body-font-variant":"400,500","body-font-weight":"400","headings-font-family":"'Inter', sans-serif","headings-font-weight":"600","headings-line-height":1.2,"headings-font-variant":"600"}
Imported - Widgets {"wp_inactive_widgets":["block-60","block-61","block-62","block-63","block-64","block-65","woocommerce_price_filter-8","block-66","woocommerce_recently_viewed_products-3","block-67","block-68","block-71","block-72","block-73","block-74","block-75","block-69","block-76","nav_menu-13","wpforms-widget-5","block-77","nav_menu-14"],"sidebar-store":[],"sidebar-1":["block-80","block-81","block-82","block-83","block-84"],"header-widget":[],"footer-widget-1":["block-85"],"footer-widget-2":[],"advanced-footer-widget-1":[],"advanced-footer-widget-2":[],"advanced-footer-widget-3":[],"advanced-footer-widget-4":[],"astra-woo-shop-sidebar":["woocommerce_price_filter-9","block-86","woocommerce_recently_viewed_products-4"],"astra-woo-single-sidebar":[],"array_version":3,"footer-widget-3":[],"footer-widget-4":[]}
Deleted - Site Options {"woocommerce_product_attributes":[],"woocommerce_product_cat_list":{"28":{"term_id":28,"name":"Uncategorized","slug":"uncategorized","description":""},"33":{"term_id":33,"name":"Body lotion","slug":"body-lotion","description":""},"34":{"term_id":34,"name":"Bundles","slug":"bundles","description":""},"30":{"term_id":30,"name":"Cleanser","slug":"cleanser","description":""},"32":{"term_id":32,"name":"Moisturizer","slug":"moisturizer","description":""},"31":{"term_id":31,"name":"Sunscreens","slug":"sunscreens","description":""}},"woocommerce_product_cat":[{"slug":"uncategorized","thumbnail_id":"","thumbnail_src":""},{"slug":"body-lotion","thumbnail_id":"0","thumbnail_src":""},{"slug":"bundles","thumbnail_id":"","thumbnail_src":""},{"slug":"cleanser","thumbnail_id":"0","thumbnail_src":""},{"slug":"moisturizer","thumbnail_id":"0","thumbnail_src":""},{"slug":"sunscreens","thumbnail_id":"0","thumbnail_src":""}],"custom_logo":"https:\/\/websitedemos.net\/skin-cleanser-store-02\/wp-content\/uploads\/sites\/933\/2021\/08\/site-logo-dark.svg","nav_menu_locations":{"primary":"primary","mobile_menu":"primary","footer_menu":"primary"},"show_on_front":"page","page_on_front":"Home","page_for_posts":"","_fl_builder_enabled_icons":null,"_fl_builder_enabled_modules":null,"_fl_builder_post_types":null,"_fl_builder_color_presets":null,"_fl_builder_services":null,"_fl_builder_settings":null,"_fl_builder_user_access":null,"_fl_builder_enabled_templates":null,"elementor_container_width":null,"elementor_cpt_support":["post","page"],"elementor_css_print_method":"external","elementor_default_generic_fonts":null,"elementor_disable_color_schemes":"yes","elementor_disable_typography_schemes":"yes","elementor_editor_break_lines":"","elementor_exclude_user_roles":null,"elementor_global_image_lightbox":null,"elementor_page_title_selector":null,"elementor_scheme_color":{"1":"#6ec1e4","2":"#54595f","3":"#7a7a7a","4":"#61ce70"},"elementor_scheme_color-picker]":{"1":"#6ec1e4","2":"#54595f","3":"#7a7a7a","4":"#61ce70","5":"#4054b2","6":"#23a455","7":"#000","8":"#fff"},"elementor_scheme_typography":{"1":{"font_family":"Roboto","font_weight":"600"},"2":{"font_family":"Roboto Slab","font_weight":"400"},"3":{"font_family":"Roboto","font_weight":"400"},"4":{"font_family":"Roboto","font_weight":"500"}},"elementor_space_between_widgets":null,"elementor_stretched_section_container":null,"elementor_load_fa4_shim":"","elementor_active_kit":"5","elementor_experiment-container":"active","woocommerce_shop_page_title":"Shop","woocommerce_cart_page_title":"Cart","woocommerce_checkout_page_title":"Checkout","woocommerce_myaccount_page_title":"My account","woocommerce_edit_address_page_title":"","woocommerce_view_order_page_title":"","woocommerce_change_password_page_title":"","woocommerce_logout_page_title":"","woocommerce_enable_guest_checkout":"yes","woocommerce_enable_checkout_login_reminder":"no","woocommerce_enable_signup_and_login_from_checkout":"no","woocommerce_enable_myaccount_registration":"no","woocommerce_registration_generate_username":"yes","edd_settings":null,"wpforms_settings":{"disable-css":"2","global-assets":false,"gdpr":false,"modern-markup":"0","modern-markup-is-set":true},"learndash_settings_theme_ld30":null,"learndash_settings_courses_themes":null,"astra-color-palettes":{"currentPalette":"palette_1","palettes":{"palette_1":["#fb4b7a","#fa2d64","#000000","#646467","#f8f8ff","#ffffff","rgba(102,102,255,0.16)","#000000","#b0b0b0"],"palette_2":["#0274be","#025891","#3a3a3a","#4B4F58","#ffffff","#FFFFFF","#e5e5e5","#062941","#c3c3c3"],"palette_3":["#0274be","#025891","#3a3a3a","#4B4F58","#f5f5f5","#ffffff","#e5e5e5","#062941","#c3c3c3"]},"flag":false,"presets":{"preset_1":["#0067FF","#005EE9","#0F172A","#364151","#E7F6FF","#FFFFFF","#D1DAE5","#070614","#222222"],"preset_2":["#6528F7","#5511F8","#0F172A","#454F5E","#F2F0FE","#FFFFFF","#D8D8F5","#0D0614","#222222"],"preset_3":["#DD183B","#CC1939","#0F172A","#3A3A3A","#FFEDE6","#FFFFFF","#FFD1BF","#140609","#222222"],"preset_4":["#54B435","#379237","#0F172A","#2F3B40","#EDFBE2","#FFFFFF","#D5EAD8","#0C1406","#222222"],"preset_5":["#DCA54A","#D09A40","#0F172A","#4A4A4A","#FAF5E5","#FFFFFF","#F0E6C5","#141004","#222222"],"preset_6":["#FB5FAB","#EA559D","#0F172A","#454F5E","#FCEEF5","#FFFFFF","#FAD8E9","#140610","#222222"],"preset_7":["#1B9C85","#178E79","#0F172A","#454F5E","#EDF6EE","#FFFFFF","#D4F3D7","#06140C","#222222"],"preset_8":["#FD9800","#E98C00","#0F172A","#454F5E","#FEF9E1","#FFFFFF","#F9F0C8","#141006","#222222"],"preset_9":["#FF6210","#F15808","#1C0D0A","#353535","#FEF1E4","#FFFFFF","#E5D7D1","#140B06","#222222"],"preset_10":["#737880","#65696F","#151616","#393C40","#F6F6F6","#FFFFFF","#F1F0F0","#232529","#222222"]}},"astra-typography-presets":""}
DELETED - WIDGETS ["block-60","block-61","block-62","block-63","block-64","block-65","woocommerce_price_filter-8","block-66","woocommerce_recently_viewed_products-3","block-67","block-68","block-71","block-72","block-73","block-74","block-75","block-69","block-76","nav_menu-13","wpforms-widget-5","block-77","nav_menu-14","block-80","block-81","block-82","block-83","block-84","block-85","woocommerce_price_filter-9","block-86","woocommerce_recently_viewed_products-4"]
DELETED - WIDGET block-60
DELETED - WIDGET block-61
DELETED - WIDGET block-62
DELETED - WIDGET block-63
DELETED - WIDGET block-64
DELETED - WIDGET block-65
DELETED - WIDGET woocommerce_price_filter-8
DELETED - WIDGET block-66
DELETED - WIDGET woocommerce_recently_viewed_products-3
DELETED - WIDGET block-67
DELETED - WIDGET block-68
DELETED - WIDGET block-71
DELETED - WIDGET block-72
DELETED - WIDGET block-73
DELETED - WIDGET block-74
DELETED - WIDGET block-75
DELETED - WIDGET block-69
DELETED - WIDGET block-76
DELETED - WIDGET nav_menu-13
DELETED - WIDGET wpforms-widget-5
DELETED - WIDGET block-77
DELETED - WIDGET nav_menu-14
DELETED - WIDGET block-80
DELETED - WIDGET block-81
DELETED - WIDGET block-82
DELETED - WIDGET block-83
DELETED - WIDGET block-84
DELETED - WIDGET block-85
DELETED - WIDGET woocommerce_price_filter-9
DELETED - WIDGET block-86
DELETED - WIDGET woocommerce_recently_viewed_products-4
Batch Process Started..
Starter Templates - Importing Images for Blog name 'манетах' (1)
---- Processing Images from Widgets -----
---- Processing Contact Form Mapping from Text Widgets -----
---- Processing Contact Form Mapping from WP Forms Widgets -----
---- Processing WordPress Posts / Pages - for "Gutenberg" ----
---- Processing WordPress Posts / Pages - for Elementor ----
---- Processing MISC ----
---- Processing batch process for Customizer start ----
---- Processing batch process for Customizer done ----
---- Processing Images ----
---- Processing Images Metadata ----
---- Processing Images Metadata Completed ----
Batch Process Complete!